-------------------------------------------------------------------------------
Test set: com.restify.tests.java.server.plugin.JavaServerPluginTest
-------------------------------------------------------------------------------
Tests run: 1, Failures: 1, Errors: 0, Skipped: 0, Time elapsed: 1.2 sec <<< FAILURE!
test0PluginMustBeCreated(com.restify.tests.java.server.plugin.JavaServerPluginTest)  Time elapsed: 1.199 sec  <<< FAILURE!
java.lang.AssertionError: expected:<200> but was:<404>
	at org.junit.Assert.fail(Assert.java:88)
	at org.junit.Assert.failNotEquals(Assert.java:743)
	at org.junit.Assert.assertEquals(Assert.java:118)
	at org.junit.Assert.assertEquals(Assert.java:555)
	at org.junit.Assert.assertEquals(Assert.java:542)
	at com.restify.tests.java.server.plugin.JavaServerPluginTest.test0PluginMustBeCreated(JavaServerPluginTest.java:24)

